Exporter version: 2.93.4, Blender version: 2.93.4
========= Conversion from Blender to Babylon.js =========
	Scene settings used :
		Inline textures     :  false
		Material Type       :  PBR
		Positions Precision :  4
		Normals Precision   :  3
		UVs Precision       :  3
		Vert Color Precision:  3
		Mat Weight Precision:  2
		Keep Z-up r-handed  :  no
		Texture directory   :  C:\Users\Ale\Documents\GitHub\rarity-frontend\public\assets\scenes\
	Python World class constructor completed
	WARNING: No active camera has been assigned, or is not in a currently enabled collection
	processing begun of mesh:  Plane
		processing begun of material:  Material.002
		num positions      :  10904
		num normals        :  10904
		num tangents       :  0
		num uvs            :  21808
		num uvs2           :  0
		num colors         :  0
		num triangles      :  20628
	processing begun of mesh:  Grid
		processing begun of material:  Material.001
		num positions      :  1471
		num normals        :  1471
		num tangents       :  0
		num uvs            :  2942
		num uvs2           :  0
		num colors         :  0
		num triangles      :  1408
========= Writing of JSON file started =========
	writing mesh:  Plane
	writing mesh:  Grid
========= Writing of JSON file completed =========
========= end of processing =========
elapsed time:  0 min, 1.329 secs
